<?xml version="1.0" encoding="UTF-8"?>
<!-- Generated by org.testng.reporters.JUnitXMLReporter -->
<testsuite ignored="0" hostname="DESKTOP-SCH4QJS" failures="0" tests="6" name="Test" time="91.297" errors="0" timestamp="2023-09-11T17:10:14 IST">
  <testcase classname="com.simplilearn.Testingmedicare.Testcase$test1" name="home" time="20.948"/>
  <testcase classname="com.simplilearn.Testingmedicare.Testcase$test2" name="register" time="14.551"/>
  <testcase classname="com.simplilearn.Testingmedicare.Testcase$test3" name="registersup" time="11.068"/>
  <testcase classname="com.simplilearn.Testingmedicare.Testcase$test4" name="login" time="6.374"/>
  <testcase classname="com.simplilearn.Testingmedicare.Testcase$test5" name="view" time="18.555"/>
  <testcase classname="com.simplilearn.Testingmedicare.Testcase$test6" name="cart" time="19.605"/>
</testsuite> <!-- Test -->
